\BOOKMARK [1][-]{section.0.1}{sigma-algebra, Probability space, and Random Variables}{}% 1
\BOOKMARK [1][-]{section.0.2}{Noise}{}% 2
\BOOKMARK [1][-]{section.0.3}{The Space of Elementary Events}{}% 3
\BOOKMARK [1][-]{section.0.4}{Cylinder Sets}{}% 4
\BOOKMARK [1][-]{section.0.5}{Filtration}{}% 5
\BOOKMARK [1][-]{section.0.6}{Adapted Process}{}% 6
\BOOKMARK [1][-]{section.0.7}{The Weiner Measure}{}% 7
\BOOKMARK [1][-]{section.0.8}{Martingale}{}% 8
\BOOKMARK [1][-]{section.0.9}{Approximation to the stochastic path as L2[0,T] expansion}{}% 9
\BOOKMARK [1][-]{section.0.10}{Stochastic Integration}{}% 10
\BOOKMARK [1][-]{section.0.11}{Properties of It\364 integral}{}% 11
\BOOKMARK [1][-]{section.0.12}{Integration with Respect to a Measure}{}% 12
\BOOKMARK [1][-]{section.0.13}{The It\364 Calculus}{}% 13
\BOOKMARK [2][-]{subsection.0.13.1}{The Wong-Zakai Correction}{section.0.13}% 14
\BOOKMARK [1][-]{section.0.14}{The Langevin Equation}{}% 15
\BOOKMARK [1][-]{section.0.15}{The It\364 Equation}{}% 16
\BOOKMARK [1][-]{section.0.16}{Existence and Uniqueness of It\364 SDE solutions}{}% 17
\BOOKMARK [1][-]{section.0.17}{Time Correlation Function and Response Function}{}% 18
\BOOKMARK [1][-]{section.0.18}{Non-anticipating Functions}{}% 19
\BOOKMARK [1][-]{section.0.19}{The backward Kolmogorov equation}{}% 20
\BOOKMARK [1][-]{section.0.20}{Stochastic Differential Equations}{}% 21
\BOOKMARK [1][-]{section.0.21}{First passage problems}{}% 22
\BOOKMARK [1][-]{section.0.22}{The Fokker-Planck equation}{}% 23
\BOOKMARK [2][-]{subsection.0.22.1}{Eigenvalues of the Fokker-Planck operator }{section.0.22}% 24
\BOOKMARK [1][-]{section.0.23}{Diffusion on a sphere}{}% 25
